2023-05-16 10:18:17,981 INFO    StreamThr :12500 [internal.py:wandb_internal():87] W&B internal server running at pid: 12500, started at: 2023-05-16 10:18:17.974549
2023-05-16 10:18:18,017 DEBUG   HandlerThread:12500 [handler.py:handle_request():144] handle_request: status
2023-05-16 10:18:18,020 INFO    WriterThread:12500 [datastore.py:open_for_write():85] open: c:\Users\gaura\PycharmProjects\scientificProject\wandb\run-20230516_101817-3iwp0q0c\run-3iwp0q0c.wandb
2023-05-16 10:18:18,021 DEBUG   SenderThread:12500 [sender.py:send():336] send: header
2023-05-16 10:18:18,172 DEBUG   SenderThread:12500 [sender.py:send():336] send: run
2023-05-16 10:18:18,924 INFO    SenderThread:12500 [dir_watcher.py:__init__():219] watching files in: c:\Users\gaura\PycharmProjects\scientificProject\wandb\run-20230516_101817-3iwp0q0c\files
2023-05-16 10:18:18,925 INFO    SenderThread:12500 [sender.py:_start_run_threads():1078] run started: 3iwp0q0c with start time 1684212497.981566
2023-05-16 10:18:18,925 DEBUG   SenderThread:12500 [sender.py:send_request():363] send_request: summary_record
2023-05-16 10:18:18,927 INFO    SenderThread:12500 [sender.py:_save_file():1332] saving file wandb-summary.json with policy end
2023-05-16 10:18:18,934 DEBUG   HandlerThread:12500 [handler.py:handle_request():144] handle_request: check_version
2023-05-16 10:18:18,935 DEBUG   SenderThread:12500 [sender.py:send_request():363] send_request: check_version
2023-05-16 10:18:19,042 DEBUG   HandlerThread:12500 [handler.py:handle_request():144] handle_request: run_start
2023-05-16 10:18:19,089 DEBUG   HandlerThread:12500 [system_info.py:__init__():31] System info init
2023-05-16 10:18:19,089 DEBUG   HandlerThread:12500 [system_info.py:__init__():46] System info init done
2023-05-16 10:18:19,089 INFO    HandlerThread:12500 [system_monitor.py:start():183] Starting system monitor
2023-05-16 10:18:19,089 INFO    SystemMonitor:12500 [system_monitor.py:_start():147] Starting system asset monitoring threads
2023-05-16 10:18:19,089 INFO    HandlerThread:12500 [system_monitor.py:probe():204] Collecting system info
2023-05-16 10:18:19,103 INFO    SystemMonitor:12500 [interfaces.py:start():187] Started cpu monitoring
2023-05-16 10:18:19,106 DEBUG   HandlerThread:12500 [system_info.py:probe():195] Probing system
2023-05-16 10:18:19,107 INFO    SystemMonitor:12500 [interfaces.py:start():187] Started disk monitoring
2023-05-16 10:18:19,124 INFO    SystemMonitor:12500 [interfaces.py:start():187] Started memory monitoring
2023-05-16 10:18:19,131 DEBUG   HandlerThread:12500 [system_info.py:_probe_git():180] Probing git
2023-05-16 10:18:19,154 INFO    SystemMonitor:12500 [interfaces.py:start():187] Started network monitoring
2023-05-16 10:18:19,450 DEBUG   HandlerThread:12500 [system_info.py:_probe_git():188] Probing git done
2023-05-16 10:18:19,450 DEBUG   HandlerThread:12500 [system_info.py:probe():240] Probing system done
2023-05-16 10:18:19,450 DEBUG   HandlerThread:12500 [system_monitor.py:probe():213] {'os': 'Windows-10-10.0.22621-SP0', 'python': '3.11.2', 'heartbeatAt': '2023-05-16T04:48:19.107830', 'startedAt': '2023-05-16T04:48:17.925460', 'docker': None, 'cuda': None, 'args': None, 'state': 'running', 'program': '<python with no main file>', 'git': {'remote': 'https://github.com/gauravbyte/CS6910_DL_ASSIGNMENT_3.git', 'commit': 'ab8cda42f8f3de1264bce8140f56c24c94e88915'}, 'email': 'gauravbyte@gmail.com', 'root': 'C:/Users/gaura/PycharmProjects/scientificProject', 'host': 'windows_PC', 'username': 'gaura', 'executable': 'c:\\Program Files\\Python311\\python.exe', 'cpu_count': 2, 'cpu_count_logical': 4, 'cpu_freq': {'current': 1190.0, 'min': 0.0, 'max': 1190.0}, 'cpu_freq_per_core': [{'current': 1190.0, 'min': 0.0, 'max': 1190.0}], 'disk': {'total': 194.58691024780273, 'used': 145.86394119262695}, 'memory': {'total': 7.772785186767578}}
2023-05-16 10:18:19,450 INFO    HandlerThread:12500 [system_monitor.py:probe():214] Finished collecting system info
2023-05-16 10:18:19,450 INFO    HandlerThread:12500 [system_monitor.py:probe():217] Publishing system info
2023-05-16 10:18:19,450 DEBUG   HandlerThread:12500 [system_info.py:_save_pip():51] Saving list of pip packages installed into the current environment
2023-05-16 10:18:19,452 DEBUG   HandlerThread:12500 [system_info.py:_save_pip():67] Saving pip packages done
2023-05-16 10:18:19,464 INFO    HandlerThread:12500 [system_monitor.py:probe():219] Finished publishing system info
2023-05-16 10:18:19,465 DEBUG   SenderThread:12500 [sender.py:send():336] send: files
2023-05-16 10:18:19,465 INFO    SenderThread:12500 [sender.py:_save_file():1332] saving file wandb-metadata.json with policy now
2023-05-16 10:18:19,518 DEBUG   HandlerThread:12500 [handler.py:handle_request():144] handle_request: stop_status
2023-05-16 10:18:19,519 DEBUG   SenderThread:12500 [sender.py:send_request():363] send_request: stop_status
2023-05-16 10:18:19,735 DEBUG   HandlerThread:12500 [handler.py:handle_request():144] handle_request: pause
2023-05-16 10:18:19,735 INFO    HandlerThread:12500 [handler.py:handle_request_pause():716] stopping system metrics thread or process
2023-05-16 10:18:19,737 INFO    HandlerThread:12500 [system_monitor.py:finish():193] Stopping system monitor
2023-05-16 10:18:19,737 DEBUG   SystemMonitor:12500 [system_monitor.py:_start():161] Starting system metrics aggregation loop
2023-05-16 10:18:19,738 DEBUG   SystemMonitor:12500 [system_monitor.py:_start():168] Finished system metrics aggregation loop
2023-05-16 10:18:19,738 DEBUG   SystemMonitor:12500 [system_monitor.py:_start():172] Publishing last batch of metrics
2023-05-16 10:18:19,738 INFO    HandlerThread:12500 [interfaces.py:finish():199] Joined cpu monitor
2023-05-16 10:18:19,738 INFO    HandlerThread:12500 [interfaces.py:finish():199] Joined disk monitor
2023-05-16 10:18:19,738 INFO    HandlerThread:12500 [interfaces.py:finish():199] Joined memory monitor
2023-05-16 10:18:19,739 INFO    HandlerThread:12500 [interfaces.py:finish():199] Joined network monitor
2023-05-16 10:18:19,873 DEBUG   SenderThread:12500 [sender.py:send():336] send: telemetry
2023-05-16 10:18:19,873 DEBUG   SenderThread:12500 [sender.py:send():336] send: stats
2023-05-16 10:18:19,951 INFO    Thread-31 :12500 [dir_watcher.py:_on_file_created():278] file/dir created: c:\Users\gaura\PycharmProjects\scientificProject\wandb\run-20230516_101817-3iwp0q0c\files\wandb-summary.json
2023-05-16 10:18:19,951 INFO    Thread-31 :12500 [dir_watcher.py:_on_file_created():278] file/dir created: c:\Users\gaura\PycharmProjects\scientificProject\wandb\run-20230516_101817-3iwp0q0c\files\requirements.txt
2023-05-16 10:18:19,952 INFO    Thread-31 :12500 [dir_watcher.py:_on_file_created():278] file/dir created: c:\Users\gaura\PycharmProjects\scientificProject\wandb\run-20230516_101817-3iwp0q0c\files\wandb-metadata.json
2023-05-16 10:18:20,611 INFO    wandb-upload_0:12500 [upload_job.py:push():138] Uploaded file C:\Users\gaura\AppData\Local\Temp\tmpr60wxo17wandb\9spp03m3-wandb-metadata.json
2023-05-16 10:18:23,891 DEBUG   HandlerThread:12500 [handler.py:handle_request():144] handle_request: status_report
2023-05-16 10:18:28,959 DEBUG   HandlerThread:12500 [handler.py:handle_request():144] handle_request: status_report
2023-05-16 10:18:34,016 DEBUG   HandlerThread:12500 [handler.py:handle_request():144] handle_request: status_report
2023-05-16 10:18:34,533 DEBUG   HandlerThread:12500 [handler.py:handle_request():144] handle_request: stop_status
2023-05-16 10:18:34,533 DEBUG   SenderThread:12500 [sender.py:send_request():363] send_request: stop_status
2023-05-16 10:18:39,959 DEBUG   HandlerThread:12500 [handler.py:handle_request():144] handle_request: status_report
2023-05-16 10:18:45,021 DEBUG   HandlerThread:12500 [handler.py:handle_request():144] handle_request: status_report
2023-05-16 10:18:49,527 DEBUG   HandlerThread:12500 [handler.py:handle_request():144] handle_request: stop_status
2023-05-16 10:18:49,528 DEBUG   SenderThread:12500 [sender.py:send_request():363] send_request: stop_status
2023-05-16 10:18:50,873 DEBUG   HandlerThread:12500 [handler.py:handle_request():144] handle_request: status_report
2023-05-16 10:18:51,275 INFO    Thread-31 :12500 [dir_watcher.py:_on_file_modified():295] file/dir modified: c:\Users\gaura\PycharmProjects\scientificProject\wandb\run-20230516_101817-3iwp0q0c\files\config.yaml
2023-05-16 10:18:56,293 DEBUG   HandlerThread:12500 [handler.py:handle_request():144] handle_request: status_report
2023-05-16 10:19:01,332 DEBUG   HandlerThread:12500 [handler.py:handle_request():144] handle_request: status_report
2023-05-16 10:19:04,540 DEBUG   HandlerThread:12500 [handler.py:handle_request():144] handle_request: stop_status
2023-05-16 10:19:04,540 DEBUG   SenderThread:12500 [sender.py:send_request():363] send_request: stop_status
2023-05-16 10:19:06,915 DEBUG   HandlerThread:12500 [handler.py:handle_request():144] handle_request: status_report
2023-05-16 10:19:11,945 DEBUG   HandlerThread:12500 [handler.py:handle_request():144] handle_request: status_report
2023-05-16 10:19:16,992 DEBUG   HandlerThread:12500 [handler.py:handle_request():144] handle_request: status_report
2023-05-16 10:19:19,554 DEBUG   HandlerThread:12500 [handler.py:handle_request():144] handle_request: stop_status
2023-05-16 10:19:19,555 DEBUG   SenderThread:12500 [sender.py:send_request():363] send_request: stop_status
2023-05-16 10:19:22,880 DEBUG   HandlerThread:12500 [handler.py:handle_request():144] handle_request: status_report
2023-05-16 10:19:27,904 DEBUG   HandlerThread:12500 [handler.py:handle_request():144] handle_request: status_report
2023-05-16 10:19:33,028 DEBUG   HandlerThread:12500 [handler.py:handle_request():144] handle_request: status_report
2023-05-16 10:19:34,554 DEBUG   HandlerThread:12500 [handler.py:handle_request():144] handle_request: stop_status
2023-05-16 10:19:34,555 DEBUG   SenderThread:12500 [sender.py:send_request():363] send_request: stop_status
2023-05-16 10:19:38,922 DEBUG   HandlerThread:12500 [handler.py:handle_request():144] handle_request: status_report
2023-05-16 10:19:43,976 DEBUG   HandlerThread:12500 [handler.py:handle_request():144] handle_request: status_report
2023-05-16 10:19:49,029 DEBUG   HandlerThread:12500 [handler.py:handle_request():144] handle_request: status_report
2023-05-16 10:19:49,572 DEBUG   HandlerThread:12500 [handler.py:handle_request():144] handle_request: stop_status
2023-05-16 10:19:49,572 DEBUG   SenderThread:12500 [sender.py:send_request():363] send_request: stop_status
2023-05-16 10:19:54,951 DEBUG   HandlerThread:12500 [handler.py:handle_request():144] handle_request: status_report
2023-05-16 10:20:00,009 DEBUG   HandlerThread:12500 [handler.py:handle_request():144] handle_request: status_report
2023-05-16 10:20:04,587 DEBUG   HandlerThread:12500 [handler.py:handle_request():144] handle_request: stop_status
2023-05-16 10:20:04,587 DEBUG   SenderThread:12500 [sender.py:send_request():363] send_request: stop_status
2023-05-16 10:20:05,937 DEBUG   HandlerThread:12500 [handler.py:handle_request():144] handle_request: status_report
2023-05-16 10:20:10,961 DEBUG   HandlerThread:12500 [handler.py:handle_request():144] handle_request: status_report
2023-05-16 10:20:16,003 DEBUG   HandlerThread:12500 [handler.py:handle_request():144] handle_request: status_report
2023-05-16 10:20:19,601 DEBUG   HandlerThread:12500 [handler.py:handle_request():144] handle_request: stop_status
2023-05-16 10:20:19,602 DEBUG   SenderThread:12500 [sender.py:send_request():363] send_request: stop_status
2023-05-16 10:20:21,947 DEBUG   HandlerThread:12500 [handler.py:handle_request():144] handle_request: status_report
2023-05-16 10:20:26,983 DEBUG   HandlerThread:12500 [handler.py:handle_request():144] handle_request: status_report
2023-05-16 10:20:32,035 DEBUG   HandlerThread:12500 [handler.py:handle_request():144] handle_request: status_report
2023-05-16 10:20:34,606 DEBUG   HandlerThread:12500 [handler.py:handle_request():144] handle_request: stop_status
2023-05-16 10:20:34,606 DEBUG   SenderThread:12500 [sender.py:send_request():363] send_request: stop_status
2023-05-16 10:20:37,942 DEBUG   HandlerThread:12500 [handler.py:handle_request():144] handle_request: status_report
2023-05-16 10:20:42,976 DEBUG   HandlerThread:12500 [handler.py:handle_request():144] handle_request: status_report
2023-05-16 10:20:48,018 DEBUG   HandlerThread:12500 [handler.py:handle_request():144] handle_request: status_report
2023-05-16 10:20:49,615 DEBUG   HandlerThread:12500 [handler.py:handle_request():144] handle_request: stop_status
2023-05-16 10:20:49,616 DEBUG   SenderThread:12500 [sender.py:send_request():363] send_request: stop_status
2023-05-16 10:20:53,980 DEBUG   HandlerThread:12500 [handler.py:handle_request():144] handle_request: status_report
2023-05-16 10:20:58,993 DEBUG   HandlerThread:12500 [handler.py:handle_request():144] handle_request: status_report
2023-05-16 10:21:04,030 DEBUG   HandlerThread:12500 [handler.py:handle_request():144] handle_request: status_report
2023-05-16 10:21:04,625 DEBUG   HandlerThread:12500 [handler.py:handle_request():144] handle_request: stop_status
2023-05-16 10:21:04,626 DEBUG   SenderThread:12500 [sender.py:send_request():363] send_request: stop_status
2023-05-16 10:21:09,963 DEBUG   HandlerThread:12500 [handler.py:handle_request():144] handle_request: status_report
2023-05-16 10:21:15,008 DEBUG   HandlerThread:12500 [handler.py:handle_request():144] handle_request: status_report
2023-05-16 10:21:19,637 DEBUG   HandlerThread:12500 [handler.py:handle_request():144] handle_request: stop_status
2023-05-16 10:21:19,639 DEBUG   SenderThread:12500 [sender.py:send_request():363] send_request: stop_status
2023-05-16 10:21:20,957 DEBUG   HandlerThread:12500 [handler.py:handle_request():144] handle_request: status_report
2023-05-16 10:21:25,982 DEBUG   HandlerThread:12500 [handler.py:handle_request():144] handle_request: status_report
2023-05-16 10:21:31,029 DEBUG   HandlerThread:12500 [handler.py:handle_request():144] handle_request: status_report
2023-05-16 10:21:34,658 DEBUG   HandlerThread:12500 [handler.py:handle_request():144] handle_request: stop_status
2023-05-16 10:21:34,659 DEBUG   SenderThread:12500 [sender.py:send_request():363] send_request: stop_status
2023-05-16 10:21:37,004 DEBUG   HandlerThread:12500 [handler.py:handle_request():144] handle_request: status_report
2023-05-16 10:21:42,082 DEBUG   HandlerThread:12500 [handler.py:handle_request():144] handle_request: status_report
2023-05-16 10:21:47,121 DEBUG   HandlerThread:12500 [handler.py:handle_request():144] handle_request: status_report
2023-05-16 10:21:49,660 DEBUG   HandlerThread:12500 [handler.py:handle_request():144] handle_request: stop_status
2023-05-16 10:21:49,661 DEBUG   SenderThread:12500 [sender.py:send_request():363] send_request: stop_status
2023-05-16 10:21:53,056 DEBUG   HandlerThread:12500 [handler.py:handle_request():144] handle_request: status_report
2023-05-16 10:21:58,103 DEBUG   HandlerThread:12500 [handler.py:handle_request():144] handle_request: status_report
2023-05-16 10:22:03,164 DEBUG   HandlerThread:12500 [handler.py:handle_request():144] handle_request: status_report
2023-05-16 10:22:04,678 DEBUG   HandlerThread:12500 [handler.py:handle_request():144] handle_request: stop_status
2023-05-16 10:22:04,679 DEBUG   SenderThread:12500 [sender.py:send_request():363] send_request: stop_status
2023-05-16 10:22:09,075 DEBUG   HandlerThread:12500 [handler.py:handle_request():144] handle_request: status_report
2023-05-16 10:22:14,112 DEBUG   HandlerThread:12500 [handler.py:handle_request():144] handle_request: status_report
2023-05-16 10:22:19,144 DEBUG   HandlerThread:12500 [handler.py:handle_request():144] handle_request: status_report
2023-05-16 10:22:19,678 DEBUG   HandlerThread:12500 [handler.py:handle_request():144] handle_request: stop_status
2023-05-16 10:22:19,679 DEBUG   SenderThread:12500 [sender.py:send_request():363] send_request: stop_status
2023-05-16 10:22:25,083 DEBUG   HandlerThread:12500 [handler.py:handle_request():144] handle_request: status_report
2023-05-16 10:22:30,136 DEBUG   HandlerThread:12500 [handler.py:handle_request():144] handle_request: status_report
2023-05-16 10:22:34,700 DEBUG   HandlerThread:12500 [handler.py:handle_request():144] handle_request: stop_status
2023-05-16 10:22:34,700 DEBUG   SenderThread:12500 [sender.py:send_request():363] send_request: stop_status
2023-05-16 10:22:39,724 DEBUG   HandlerThread:12500 [handler.py:handle_request():144] handle_request: keepalive
2023-05-16 10:22:44,742 DEBUG   HandlerThread:12500 [handler.py:handle_request():144] handle_request: keepalive
2023-05-16 10:22:49,799 DEBUG   HandlerThread:12500 [handler.py:handle_request():144] handle_request: keepalive
2023-05-16 10:22:51,120 WARNING FileStreamThread:12500 [file_stream.py:request_with_retry():670] requests_with_retry encountered retryable exception: ('Connection aborted.', RemoteDisconnected('Remote end closed connection without response')). func: <bound method Session.post of <requests.sessions.Session object at 0x000001C38F7BFC10>>, args: ('https://api.wandb.ai/files/cs22m045/aksharantar_without_attention_1/3iwp0q0c/file_stream',), kwargs: {'json': {'complete': False, 'failed': False, 'dropped': 0, 'uploaded': []}}
2023-05-16 10:22:54,847 DEBUG   HandlerThread:12500 [handler.py:handle_request():144] handle_request: keepalive
2023-05-16 10:22:59,870 DEBUG   HandlerThread:12500 [handler.py:handle_request():144] handle_request: keepalive
2023-05-16 10:23:04,921 DEBUG   HandlerThread:12500 [handler.py:handle_request():144] handle_request: keepalive
2023-05-16 10:23:08,311 INFO    SenderThread:12500 [retry.py:__call__():172] Retry attempt failed:
Traceback (most recent call last):
  File "C:\Users\gaura\AppData\Roaming\Python\Python311\site-packages\urllib3\connection.py", line 174, in _new_conn
    conn = connection.create_connection(
           ^^^^^^^^^^^^^^^^^^^^^^^^^^^^^
  File "C:\Users\gaura\AppData\Roaming\Python\Python311\site-packages\urllib3\util\connection.py", line 95, in create_connection
    raise err
  File "C:\Users\gaura\AppData\Roaming\Python\Python311\site-packages\urllib3\util\connection.py", line 85, in create_connection
    sock.connect(sa)
TimeoutError: timed out

During handling of the above exception, another exception occurred:

Traceback (most recent call last):
  File "C:\Users\gaura\AppData\Roaming\Python\Python311\site-packages\urllib3\connectionpool.py", line 703, in urlopen
    httplib_response = self._make_request(
                       ^^^^^^^^^^^^^^^^^^^
  File "C:\Users\gaura\AppData\Roaming\Python\Python311\site-packages\urllib3\connectionpool.py", line 386, in _make_request
    self._validate_conn(conn)
  File "C:\Users\gaura\AppData\Roaming\Python\Python311\site-packages\urllib3\connectionpool.py", line 1042, in _validate_conn
    conn.connect()
  File "C:\Users\gaura\AppData\Roaming\Python\Python311\site-packages\urllib3\connection.py", line 363, in connect
    self.sock = conn = self._new_conn()
                       ^^^^^^^^^^^^^^^^
  File "C:\Users\gaura\AppData\Roaming\Python\Python311\site-packages\urllib3\connection.py", line 179, in _new_conn
    raise ConnectTimeoutError(
urllib3.exceptions.ConnectTimeoutError: (<urllib3.connection.HTTPSConnection object at 0x000001C38F85F0D0>, 'Connection to api.wandb.ai timed out. (connect timeout=10)')

During handling of the above exception, another exception occurred:

Traceback (most recent call last):
  File "C:\Users\gaura\AppData\Roaming\Python\Python311\site-packages\requests\adapters.py", line 489, in send
    resp = conn.urlopen(
           ^^^^^^^^^^^^^
  File "C:\Users\gaura\AppData\Roaming\Python\Python311\site-packages\urllib3\connectionpool.py", line 787, in urlopen
    retries = retries.increment(
              ^^^^^^^^^^^^^^^^^^
  File "C:\Users\gaura\AppData\Roaming\Python\Python311\site-packages\urllib3\util\retry.py", line 592, in increment
    raise MaxRetryError(_pool, url, error or ResponseError(cause))
urllib3.exceptions.MaxRetryError: HTTPSConnectionPool(host='api.wandb.ai', port=443): Max retries exceeded with url: /graphql (Caused by ConnectTimeoutError(<urllib3.connection.HTTPSConnection object at 0x000001C38F85F0D0>, 'Connection to api.wandb.ai timed out. (connect timeout=10)'))

During handling of the above exception, another exception occurred:

Traceback (most recent call last):
  File "C:\Users\gaura\AppData\Roaming\Python\Python311\site-packages\wandb\sdk\lib\retry.py", line 131, in __call__
    result = self._call_fn(*args, **kwargs)
             ^^^^^^^^^^^^^^^^^^^^^^^^^^^^^^
  File "C:\Users\gaura\AppData\Roaming\Python\Python311\site-packages\wandb\sdk\internal\internal_api.py", line 243, in execute
    return self.client.execute(*args, **kwargs)  # type: ignore
           ^^^^^^^^^^^^^^^^^^^^^^^^^^^^^^^^^^^^
  File "C:\Users\gaura\AppData\Roaming\Python\Python311\site-packages\wandb\vendor\gql-0.2.0\wandb_gql\client.py", line 52, in execute
    result = self._get_result(document, *args, **kwargs)
             ^^^^^^^^^^^^^^^^^^^^^^^^^^^^^^^^^^^^^^^^^^^
  File "C:\Users\gaura\AppData\Roaming\Python\Python311\site-packages\wandb\vendor\gql-0.2.0\wandb_gql\client.py", line 60, in _get_result
    return self.transport.execute(document, *args, **kwargs)
           ^^^^^^^^^^^^^^^^^^^^^^^^^^^^^^^^^^^^^^^^^^^^^^^^^
  File "C:\Users\gaura\AppData\Roaming\Python\Python311\site-packages\wandb\vendor\gql-0.2.0\wandb_gql\transport\requests.py", line 38, in execute
    request = requests.post(self.url, **post_args)
              ^^^^^^^^^^^^^^^^^^^^^^^^^^^^^^^^^^^^
  File "C:\Users\gaura\AppData\Roaming\Python\Python311\site-packages\requests\api.py", line 115, in post
    return request("post", url, data=data, json=json, **kwargs)
           ^^^^^^^^^^^^^^^^^^^^^^^^^^^^^^^^^^^^^^^^^^^^^^^^^^^^
  File "C:\Users\gaura\AppData\Roaming\Python\Python311\site-packages\requests\api.py", line 59, in request
    return session.request(method=method, url=url, **kwargs)
           ^^^^^^^^^^^^^^^^^^^^^^^^^^^^^^^^^^^^^^^^^^^^^^^^^
  File "C:\Users\gaura\AppData\Roaming\Python\Python311\site-packages\requests\sessions.py", line 587, in request
    resp = self.send(prep, **send_kwargs)
           ^^^^^^^^^^^^^^^^^^^^^^^^^^^^^^
  File "C:\Users\gaura\AppData\Roaming\Python\Python311\site-packages\requests\sessions.py", line 701, in send
    r = adapter.send(request, **kwargs)
        ^^^^^^^^^^^^^^^^^^^^^^^^^^^^^^^
  File "C:\Users\gaura\AppData\Roaming\Python\Python311\site-packages\requests\adapters.py", line 553, in send
    raise ConnectTimeout(e, request=request)
requests.exceptions.ConnectTimeout: HTTPSConnectionPool(host='api.wandb.ai', port=443): Max retries exceeded with url: /graphql (Caused by ConnectTimeoutError(<urllib3.connection.HTTPSConnection object at 0x000001C38F85F0D0>, 'Connection to api.wandb.ai timed out. (connect timeout=10)'))
2023-05-16 10:23:09,956 DEBUG   HandlerThread:12500 [handler.py:handle_request():144] handle_request: keepalive
2023-05-16 10:23:14,414 WARNING FileStreamThread:12500 [file_stream.py:request_with_retry():670] requests_with_retry encountered retryable exception: HTTPSConnectionPool(host='api.wandb.ai', port=443): Max retries exceeded with url: /files/cs22m045/aksharantar_without_attention_1/3iwp0q0c/file_stream (Caused by ConnectTimeoutError(<urllib3.connection.HTTPSConnection object at 0x000001C38FD7EED0>, 'Connection to api.wandb.ai timed out. (connect timeout=None)')). func: <bound method Session.post of <requests.sessions.Session object at 0x000001C38F7BFC10>>, args: ('https://api.wandb.ai/files/cs22m045/aksharantar_without_attention_1/3iwp0q0c/file_stream',), kwargs: {'json': {'complete': False, 'failed': False, 'dropped': 0, 'uploaded': []}}
2023-05-16 10:23:14,962 DEBUG   HandlerThread:12500 [handler.py:handle_request():144] handle_request: keepalive
2023-05-16 10:23:19,983 DEBUG   HandlerThread:12500 [handler.py:handle_request():144] handle_request: keepalive
2023-05-16 10:23:25,007 DEBUG   HandlerThread:12500 [handler.py:handle_request():144] handle_request: keepalive
2023-05-16 10:23:30,036 WARNING FileStreamThread:12500 [file_stream.py:request_with_retry():670] requests_with_retry encountered retryable exception: HTTPSConnectionPool(host='api.wandb.ai', port=443): Max retries exceeded with url: /files/cs22m045/aksharantar_without_attention_1/3iwp0q0c/file_stream (Caused by NewConnectionError('<urllib3.connection.HTTPSConnection object at 0x000001C38FD258D0>: Failed to establish a new connection: [Errno 11001] getaddrinfo failed')). func: <bound method Session.post of <requests.sessions.Session object at 0x000001C38F7BFC10>>, args: ('https://api.wandb.ai/files/cs22m045/aksharantar_without_attention_1/3iwp0q0c/file_stream',), kwargs: {'json': {'complete': False, 'failed': False, 'dropped': 0, 'uploaded': []}}
2023-05-16 10:23:30,042 DEBUG   HandlerThread:12500 [handler.py:handle_request():144] handle_request: keepalive
2023-05-16 10:23:35,079 DEBUG   HandlerThread:12500 [handler.py:handle_request():144] handle_request: keepalive
2023-05-16 10:23:40,141 DEBUG   HandlerThread:12500 [handler.py:handle_request():144] handle_request: keepalive
2023-05-16 10:23:45,216 DEBUG   HandlerThread:12500 [handler.py:handle_request():144] handle_request: keepalive
2023-05-16 10:23:50,276 DEBUG   HandlerThread:12500 [handler.py:handle_request():144] handle_request: keepalive
2023-05-16 10:23:50,480 WARNING FileStreamThread:12500 [file_stream.py:request_with_retry():670] requests_with_retry encountered retryable exception: HTTPSConnectionPool(host='api.wandb.ai', port=443): Max retries exceeded with url: /files/cs22m045/aksharantar_without_attention_1/3iwp0q0c/file_stream (Caused by NewConnectionError('<urllib3.connection.HTTPSConnection object at 0x000001C38FD25550>: Failed to establish a new connection: [Errno 11001] getaddrinfo failed')). func: <bound method Session.post of <requests.sessions.Session object at 0x000001C38F7BFC10>>, args: ('https://api.wandb.ai/files/cs22m045/aksharantar_without_attention_1/3iwp0q0c/file_stream',), kwargs: {'json': {'complete': False, 'failed': False, 'dropped': 0, 'uploaded': []}}
2023-05-16 10:23:55,323 DEBUG   HandlerThread:12500 [handler.py:handle_request():144] handle_request: keepalive
2023-05-16 10:24:00,346 DEBUG   HandlerThread:12500 [handler.py:handle_request():144] handle_request: keepalive
2023-05-16 10:24:05,383 DEBUG   HandlerThread:12500 [handler.py:handle_request():144] handle_request: keepalive
2023-05-16 10:24:10,418 DEBUG   HandlerThread:12500 [handler.py:handle_request():144] handle_request: keepalive
2023-05-16 10:24:15,467 DEBUG   HandlerThread:12500 [handler.py:handle_request():144] handle_request: keepalive
2023-05-16 10:24:20,503 DEBUG   HandlerThread:12500 [handler.py:handle_request():144] handle_request: keepalive
2023-05-16 10:24:25,567 DEBUG   HandlerThread:12500 [handler.py:handle_request():144] handle_request: keepalive
2023-05-16 10:24:28,955 WARNING FileStreamThread:12500 [file_stream.py:request_with_retry():670] requests_with_retry encountered retryable exception: HTTPSConnectionPool(host='api.wandb.ai', port=443): Max retries exceeded with url: /files/cs22m045/aksharantar_without_attention_1/3iwp0q0c/file_stream (Caused by ConnectTimeoutError(<urllib3.connection.HTTPSConnection object at 0x000001C38FD25C10>, 'Connection to api.wandb.ai timed out. (connect timeout=None)')). func: <bound method Session.post of <requests.sessions.Session object at 0x000001C38F7BFC10>>, args: ('https://api.wandb.ai/files/cs22m045/aksharantar_without_attention_1/3iwp0q0c/file_stream',), kwargs: {'json': {'complete': False, 'failed': False, 'dropped': 0, 'uploaded': []}}
2023-05-16 10:24:30,626 DEBUG   HandlerThread:12500 [handler.py:handle_request():144] handle_request: keepalive
2023-05-16 10:24:35,660 DEBUG   HandlerThread:12500 [handler.py:handle_request():144] handle_request: keepalive
2023-05-16 10:24:40,716 DEBUG   HandlerThread:12500 [handler.py:handle_request():144] handle_request: keepalive
2023-05-16 10:24:45,761 DEBUG   HandlerThread:12500 [handler.py:handle_request():144] handle_request: keepalive
2023-05-16 10:24:50,784 DEBUG   HandlerThread:12500 [handler.py:handle_request():144] handle_request: keepalive
2023-05-16 10:24:50,784 DEBUG   HandlerThread:12500 [handler.py:handle_request():144] handle_request: keepalive
2023-05-16 10:24:55,840 DEBUG   HandlerThread:12500 [handler.py:handle_request():144] handle_request: keepalive
2023-05-16 10:25:00,892 DEBUG   HandlerThread:12500 [handler.py:handle_request():144] handle_request: keepalive
2023-05-16 10:25:05,931 DEBUG   HandlerThread:12500 [handler.py:handle_request():144] handle_request: keepalive
2023-05-16 10:25:07,142 WARNING FileStreamThread:12500 [file_stream.py:request_with_retry():670] requests_with_retry encountered retryable exception: HTTPSConnectionPool(host='api.wandb.ai', port=443): Max retries exceeded with url: /files/cs22m045/aksharantar_without_attention_1/3iwp0q0c/file_stream (Caused by NewConnectionError('<urllib3.connection.HTTPSConnection object at 0x000001C38FD7E4D0>: Failed to establish a new connection: [Errno 11001] getaddrinfo failed')). func: <bound method Session.post of <requests.sessions.Session object at 0x000001C38F7BFC10>>, args: ('https://api.wandb.ai/files/cs22m045/aksharantar_without_attention_1/3iwp0q0c/file_stream',), kwargs: {'json': {'complete': False, 'failed': False, 'dropped': 0, 'uploaded': []}}
2023-05-16 10:25:10,966 DEBUG   HandlerThread:12500 [handler.py:handle_request():144] handle_request: keepalive
2023-05-16 10:25:16,032 DEBUG   HandlerThread:12500 [handler.py:handle_request():144] handle_request: keepalive
2023-05-16 10:25:21,076 DEBUG   HandlerThread:12500 [handler.py:handle_request():144] handle_request: keepalive
2023-05-16 10:25:26,123 DEBUG   HandlerThread:12500 [handler.py:handle_request():144] handle_request: keepalive
2023-05-16 10:25:31,165 DEBUG   HandlerThread:12500 [handler.py:handle_request():144] handle_request: keepalive
2023-05-16 10:25:36,215 DEBUG   HandlerThread:12500 [handler.py:handle_request():144] handle_request: keepalive
2023-05-16 10:25:41,258 DEBUG   HandlerThread:12500 [handler.py:handle_request():144] handle_request: keepalive
2023-05-16 10:25:46,323 DEBUG   HandlerThread:12500 [handler.py:handle_request():144] handle_request: keepalive
2023-05-16 10:25:51,365 DEBUG   HandlerThread:12500 [handler.py:handle_request():144] handle_request: keepalive
2023-05-16 10:25:56,426 DEBUG   HandlerThread:12500 [handler.py:handle_request():144] handle_request: keepalive
2023-05-16 10:26:01,496 DEBUG   HandlerThread:12500 [handler.py:handle_request():144] handle_request: keepalive
2023-05-16 10:26:06,531 DEBUG   HandlerThread:12500 [handler.py:handle_request():144] handle_request: keepalive
2023-05-16 10:26:11,592 DEBUG   HandlerThread:12500 [handler.py:handle_request():144] handle_request: keepalive
2023-05-16 10:26:16,626 DEBUG   HandlerThread:12500 [handler.py:handle_request():144] handle_request: keepalive
2023-05-16 10:26:21,686 DEBUG   HandlerThread:12500 [handler.py:handle_request():144] handle_request: keepalive
2023-05-16 10:26:26,716 DEBUG   HandlerThread:12500 [handler.py:handle_request():144] handle_request: keepalive
2023-05-16 10:26:31,763 DEBUG   HandlerThread:12500 [handler.py:handle_request():144] handle_request: keepalive
2023-05-16 10:26:36,805 DEBUG   HandlerThread:12500 [handler.py:handle_request():144] handle_request: keepalive
2023-05-16 10:26:41,850 DEBUG   HandlerThread:12500 [handler.py:handle_request():144] handle_request: keepalive
2023-05-16 10:26:46,885 DEBUG   HandlerThread:12500 [handler.py:handle_request():144] handle_request: keepalive
2023-05-16 10:26:51,923 DEBUG   HandlerThread:12500 [handler.py:handle_request():144] handle_request: keepalive
2023-05-16 10:26:56,966 DEBUG   HandlerThread:12500 [handler.py:handle_request():144] handle_request: keepalive
2023-05-16 10:27:02,028 DEBUG   HandlerThread:12500 [handler.py:handle_request():144] handle_request: keepalive
2023-05-16 10:27:07,096 DEBUG   HandlerThread:12500 [handler.py:handle_request():144] handle_request: keepalive
2023-05-16 10:27:12,137 DEBUG   HandlerThread:12500 [handler.py:handle_request():144] handle_request: keepalive
2023-05-16 10:27:17,168 DEBUG   HandlerThread:12500 [handler.py:handle_request():144] handle_request: keepalive
2023-05-16 10:27:22,224 DEBUG   HandlerThread:12500 [handler.py:handle_request():144] handle_request: keepalive
2023-05-16 10:27:27,278 DEBUG   HandlerThread:12500 [handler.py:handle_request():144] handle_request: keepalive
2023-05-16 10:27:32,330 DEBUG   HandlerThread:12500 [handler.py:handle_request():144] handle_request: keepalive
2023-05-16 10:27:37,368 DEBUG   HandlerThread:12500 [handler.py:handle_request():144] handle_request: keepalive
2023-05-16 10:27:42,411 DEBUG   HandlerThread:12500 [handler.py:handle_request():144] handle_request: keepalive
2023-05-16 10:27:47,439 DEBUG   HandlerThread:12500 [handler.py:handle_request():144] handle_request: keepalive
2023-05-16 10:27:52,477 DEBUG   HandlerThread:12500 [handler.py:handle_request():144] handle_request: keepalive
2023-05-16 10:27:57,519 DEBUG   HandlerThread:12500 [handler.py:handle_request():144] handle_request: keepalive
2023-05-16 10:28:02,572 DEBUG   HandlerThread:12500 [handler.py:handle_request():144] handle_request: keepalive
2023-05-16 10:28:03,024 DEBUG   HandlerThread:12500 [handler.py:handle_request():144] handle_request: status_report
2023-05-16 10:28:07,611 DEBUG   HandlerThread:12500 [handler.py:handle_request():144] handle_request: keepalive
2023-05-16 10:28:08,072 DEBUG   HandlerThread:12500 [handler.py:handle_request():144] handle_request: status_report
2023-05-16 10:28:12,636 DEBUG   HandlerThread:12500 [handler.py:handle_request():144] handle_request: keepalive
2023-05-16 10:28:13,113 DEBUG   HandlerThread:12500 [handler.py:handle_request():144] handle_request: status_report
2023-05-16 10:28:17,663 DEBUG   HandlerThread:12500 [handler.py:handle_request():144] handle_request: keepalive
2023-05-16 10:28:18,168 DEBUG   HandlerThread:12500 [handler.py:handle_request():144] handle_request: status_report
2023-05-16 10:28:22,704 DEBUG   HandlerThread:12500 [handler.py:handle_request():144] handle_request: keepalive
2023-05-16 10:28:23,204 DEBUG   HandlerThread:12500 [handler.py:handle_request():144] handle_request: status_report
2023-05-16 10:28:27,740 DEBUG   HandlerThread:12500 [handler.py:handle_request():144] handle_request: keepalive
2023-05-16 10:28:28,229 DEBUG   HandlerThread:12500 [handler.py:handle_request():144] handle_request: status_report
2023-05-16 10:28:32,783 DEBUG   HandlerThread:12500 [handler.py:handle_request():144] handle_request: keepalive
2023-05-16 10:28:33,276 DEBUG   HandlerThread:12500 [handler.py:handle_request():144] handle_request: status_report
2023-05-16 10:28:37,828 DEBUG   HandlerThread:12500 [handler.py:handle_request():144] handle_request: keepalive
2023-05-16 10:28:38,313 DEBUG   HandlerThread:12500 [handler.py:handle_request():144] handle_request: status_report
2023-05-16 10:28:42,871 DEBUG   HandlerThread:12500 [handler.py:handle_request():144] handle_request: keepalive
2023-05-16 10:28:43,350 DEBUG   HandlerThread:12500 [handler.py:handle_request():144] handle_request: status_report
2023-05-16 10:28:47,900 DEBUG   HandlerThread:12500 [handler.py:handle_request():144] handle_request: keepalive
2023-05-16 10:28:48,383 DEBUG   HandlerThread:12500 [handler.py:handle_request():144] handle_request: status_report
2023-05-16 10:28:52,933 DEBUG   HandlerThread:12500 [handler.py:handle_request():144] handle_request: keepalive
2023-05-16 10:28:53,405 DEBUG   HandlerThread:12500 [handler.py:handle_request():144] handle_request: status_report
2023-05-16 10:28:57,977 DEBUG   HandlerThread:12500 [handler.py:handle_request():144] handle_request: keepalive
2023-05-16 10:28:58,437 DEBUG   HandlerThread:12500 [handler.py:handle_request():144] handle_request: status_report
2023-05-16 10:29:03,021 DEBUG   HandlerThread:12500 [handler.py:handle_request():144] handle_request: keepalive
2023-05-16 10:29:03,496 DEBUG   HandlerThread:12500 [handler.py:handle_request():144] handle_request: status_report
2023-05-16 10:29:08,061 DEBUG   HandlerThread:12500 [handler.py:handle_request():144] handle_request: keepalive
2023-05-16 10:29:08,545 DEBUG   HandlerThread:12500 [handler.py:handle_request():144] handle_request: status_report
2023-05-16 10:29:13,106 DEBUG   HandlerThread:12500 [handler.py:handle_request():144] handle_request: keepalive
2023-05-16 10:29:13,595 DEBUG   HandlerThread:12500 [handler.py:handle_request():144] handle_request: status_report
2023-05-16 10:29:18,147 DEBUG   HandlerThread:12500 [handler.py:handle_request():144] handle_request: keepalive
2023-05-16 10:29:18,648 DEBUG   HandlerThread:12500 [handler.py:handle_request():144] handle_request: status_report
2023-05-16 10:29:23,271 DEBUG   HandlerThread:12500 [handler.py:handle_request():144] handle_request: keepalive
2023-05-16 10:29:23,768 DEBUG   HandlerThread:12500 [handler.py:handle_request():144] handle_request: status_report
2023-05-16 10:29:28,339 DEBUG   HandlerThread:12500 [handler.py:handle_request():144] handle_request: keepalive
2023-05-16 10:29:28,810 DEBUG   HandlerThread:12500 [handler.py:handle_request():144] handle_request: status_report
2023-05-16 10:29:33,386 DEBUG   HandlerThread:12500 [handler.py:handle_request():144] handle_request: keepalive
2023-05-16 10:29:33,861 DEBUG   HandlerThread:12500 [handler.py:handle_request():144] handle_request: status_report
2023-05-16 10:29:38,469 DEBUG   HandlerThread:12500 [handler.py:handle_request():144] handle_request: keepalive
2023-05-16 10:29:38,929 DEBUG   HandlerThread:12500 [handler.py:handle_request():144] handle_request: status_report
2023-05-16 10:29:43,512 DEBUG   HandlerThread:12500 [handler.py:handle_request():144] handle_request: keepalive
2023-05-16 10:29:43,975 DEBUG   HandlerThread:12500 [handler.py:handle_request():144] handle_request: status_report
2023-05-16 10:29:48,546 DEBUG   HandlerThread:12500 [handler.py:handle_request():144] handle_request: keepalive
2023-05-16 10:29:49,015 DEBUG   HandlerThread:12500 [handler.py:handle_request():144] handle_request: status_report
2023-05-16 10:29:50,049 DEBUG   HandlerThread:12500 [handler.py:handle_request():144] handle_request: resume
2023-05-16 10:29:50,049 INFO    HandlerThread:12500 [handler.py:handle_request_resume():707] starting system metrics thread or process
2023-05-16 10:29:50,049 INFO    HandlerThread:12500 [system_monitor.py:start():183] Starting system monitor
2023-05-16 10:29:50,140 INFO    SystemMonitor:12500 [system_monitor.py:_start():147] Starting system asset monitoring threads
2023-05-16 10:29:50,141 DEBUG   SenderThread:12500 [sender.py:send():336] send: telemetry
2023-05-16 10:29:50,141 DEBUG   SenderThread:12500 [sender.py:send():336] send: exit
2023-05-16 10:29:50,142 INFO    SenderThread:12500 [sender.py:send_exit():559] handling exit code: 0
2023-05-16 10:29:50,142 INFO    SenderThread:12500 [sender.py:send_exit():561] handling runtime: 0
2023-05-16 10:29:50,143 INFO    SenderThread:12500 [sender.py:_save_file():1332] saving file wandb-summary.json with policy end
2023-05-16 10:29:50,145 INFO    SenderThread:12500 [sender.py:send_exit():567] send defer
2023-05-16 10:29:50,145 DEBUG   HandlerThread:12500 [handler.py:handle_request():144] handle_request: defer
2023-05-16 10:29:50,146 INFO    HandlerThread:12500 [handler.py:handle_request_defer():170] handle defer: 0
2023-05-16 10:29:50,146 DEBUG   SenderThread:12500 [sender.py:send_request():363] send_request: defer
2023-05-16 10:29:50,146 INFO    SenderThread:12500 [sender.py:send_request_defer():583] handle sender defer: 0
2023-05-16 10:29:50,146 INFO    SenderThread:12500 [sender.py:transition_state():587] send defer: 1
2023-05-16 10:29:50,147 DEBUG   HandlerThread:12500 [handler.py:handle_request():144] handle_request: defer
2023-05-16 10:29:50,147 INFO    HandlerThread:12500 [handler.py:handle_request_defer():170] handle defer: 1
2023-05-16 10:29:50,147 DEBUG   SenderThread:12500 [sender.py:send_request():363] send_request: defer
2023-05-16 10:29:50,148 INFO    SenderThread:12500 [sender.py:send_request_defer():583] handle sender defer: 1
2023-05-16 10:29:50,148 INFO    SenderThread:12500 [sender.py:transition_state():587] send defer: 2
2023-05-16 10:29:50,148 DEBUG   HandlerThread:12500 [handler.py:handle_request():144] handle_request: defer
2023-05-16 10:29:50,148 INFO    HandlerThread:12500 [handler.py:handle_request_defer():170] handle defer: 2
2023-05-16 10:29:50,148 INFO    HandlerThread:12500 [system_monitor.py:finish():193] Stopping system monitor
2023-05-16 10:29:50,148 WARNING HandlerThread:12500 [interfaces.py:finish():204] Failed to finish cpu monitoring: cannot join thread before it is started
2023-05-16 10:29:50,202 INFO    SystemMonitor:12500 [interfaces.py:start():187] Started cpu monitoring
2023-05-16 10:29:50,202 DEBUG   SystemMonitor:12500 [system_monitor.py:_start():161] Starting system metrics aggregation loop
2023-05-16 10:29:50,202 DEBUG   SystemMonitor:12500 [system_monitor.py:_start():168] Finished system metrics aggregation loop
2023-05-16 10:29:50,202 DEBUG   SystemMonitor:12500 [system_monitor.py:_start():172] Publishing last batch of metrics
2023-05-16 10:29:50,202 DEBUG   SenderThread:12500 [sender.py:send_request():363] send_request: defer
2023-05-16 10:29:50,203 INFO    SenderThread:12500 [sender.py:send_request_defer():583] handle sender defer: 2
2023-05-16 10:29:50,203 INFO    SenderThread:12500 [sender.py:transition_state():587] send defer: 3
2023-05-16 10:29:50,203 DEBUG   HandlerThread:12500 [handler.py:handle_request():144] handle_request: defer
2023-05-16 10:29:50,203 INFO    HandlerThread:12500 [handler.py:handle_request_defer():170] handle defer: 3
2023-05-16 10:29:50,203 DEBUG   SenderThread:12500 [sender.py:send_request():363] send_request: defer
2023-05-16 10:29:50,203 INFO    SenderThread:12500 [sender.py:send_request_defer():583] handle sender defer: 3
2023-05-16 10:29:50,204 INFO    SenderThread:12500 [sender.py:transition_state():587] send defer: 4
2023-05-16 10:29:50,204 DEBUG   HandlerThread:12500 [handler.py:handle_request():144] handle_request: defer
2023-05-16 10:29:50,204 INFO    HandlerThread:12500 [handler.py:handle_request_defer():170] handle defer: 4
2023-05-16 10:29:50,204 DEBUG   SenderThread:12500 [sender.py:send_request():363] send_request: defer
2023-05-16 10:29:50,204 INFO    SenderThread:12500 [sender.py:send_request_defer():583] handle sender defer: 4
2023-05-16 10:29:50,204 INFO    SenderThread:12500 [sender.py:transition_state():587] send defer: 5
2023-05-16 10:29:50,205 DEBUG   HandlerThread:12500 [handler.py:handle_request():144] handle_request: defer
2023-05-16 10:29:50,205 INFO    HandlerThread:12500 [handler.py:handle_request_defer():170] handle defer: 5
2023-05-16 10:29:50,205 DEBUG   SenderThread:12500 [sender.py:send():336] send: summary
2023-05-16 10:29:50,206 INFO    SenderThread:12500 [sender.py:_save_file():1332] saving file wandb-summary.json with policy end
2023-05-16 10:29:50,206 DEBUG   SenderThread:12500 [sender.py:send_request():363] send_request: defer
2023-05-16 10:29:50,206 INFO    SenderThread:12500 [sender.py:send_request_defer():583] handle sender defer: 5
2023-05-16 10:29:50,206 INFO    SenderThread:12500 [sender.py:transition_state():587] send defer: 6
2023-05-16 10:29:50,208 DEBUG   HandlerThread:12500 [handler.py:handle_request():144] handle_request: defer
2023-05-16 10:29:50,208 INFO    HandlerThread:12500 [handler.py:handle_request_defer():170] handle defer: 6
2023-05-16 10:29:50,208 DEBUG   SenderThread:12500 [sender.py:send_request():363] send_request: defer
2023-05-16 10:29:50,208 INFO    SenderThread:12500 [sender.py:send_request_defer():583] handle sender defer: 6
2023-05-16 10:29:50,213 DEBUG   HandlerThread:12500 [handler.py:handle_request():144] handle_request: status_report
2023-05-16 10:29:50,349 INFO    Thread-31 :12500 [dir_watcher.py:_on_file_modified():295] file/dir modified: c:\Users\gaura\PycharmProjects\scientificProject\wandb\run-20230516_101817-3iwp0q0c\files\wandb-summary.json
2023-05-16 10:29:50,576 INFO    SenderThread:12500 [sender.py:transition_state():587] send defer: 7
2023-05-16 10:29:50,579 DEBUG   HandlerThread:12500 [handler.py:handle_request():144] handle_request: defer
2023-05-16 10:29:50,579 INFO    HandlerThread:12500 [handler.py:handle_request_defer():170] handle defer: 7
2023-05-16 10:29:50,580 DEBUG   SenderThread:12500 [sender.py:send_request():363] send_request: defer
2023-05-16 10:29:50,580 INFO    SenderThread:12500 [sender.py:send_request_defer():583] handle sender defer: 7
2023-05-16 10:29:50,581 INFO    SenderThread:12500 [sender.py:transition_state():587] send defer: 8
2023-05-16 10:29:50,581 DEBUG   HandlerThread:12500 [handler.py:handle_request():144] handle_request: defer
2023-05-16 10:29:50,581 INFO    HandlerThread:12500 [handler.py:handle_request_defer():170] handle defer: 8
2023-05-16 10:29:50,582 DEBUG   SenderThread:12500 [sender.py:send_request():363] send_request: defer
2023-05-16 10:29:50,582 INFO    SenderThread:12500 [sender.py:send_request_defer():583] handle sender defer: 8
2023-05-16 10:29:50,582 INFO    SenderThread:12500 [sender.py:transition_state():587] send defer: 9
2023-05-16 10:29:50,583 DEBUG   HandlerThread:12500 [handler.py:handle_request():144] handle_request: defer
2023-05-16 10:29:50,583 INFO    HandlerThread:12500 [handler.py:handle_request_defer():170] handle defer: 9
2023-05-16 10:29:50,585 DEBUG   SenderThread:12500 [sender.py:send_request():363] send_request: defer
2023-05-16 10:29:50,585 INFO    SenderThread:12500 [sender.py:send_request_defer():583] handle sender defer: 9
2023-05-16 10:29:50,585 INFO    SenderThread:12500 [dir_watcher.py:finish():365] shutting down directory watcher
2023-05-16 10:29:51,153 DEBUG   HandlerThread:12500 [handler.py:handle_request():144] handle_request: poll_exit
2023-05-16 10:29:51,368 INFO    SenderThread:12500 [dir_watcher.py:_on_file_modified():295] file/dir modified: c:\Users\gaura\PycharmProjects\scientificProject\wandb\run-20230516_101817-3iwp0q0c\files\config.yaml
2023-05-16 10:29:51,368 INFO    SenderThread:12500 [dir_watcher.py:finish():395] scan: c:\Users\gaura\PycharmProjects\scientificProject\wandb\run-20230516_101817-3iwp0q0c\files
2023-05-16 10:29:51,368 INFO    SenderThread:12500 [dir_watcher.py:finish():409] scan save: c:\Users\gaura\PycharmProjects\scientificProject\wandb\run-20230516_101817-3iwp0q0c\files\config.yaml config.yaml
2023-05-16 10:29:51,369 INFO    SenderThread:12500 [dir_watcher.py:finish():409] scan save: c:\Users\gaura\PycharmProjects\scientificProject\wandb\run-20230516_101817-3iwp0q0c\files\requirements.txt requirements.txt
2023-05-16 10:29:51,371 INFO    SenderThread:12500 [dir_watcher.py:finish():409] scan save: c:\Users\gaura\PycharmProjects\scientificProject\wandb\run-20230516_101817-3iwp0q0c\files\wandb-metadata.json wandb-metadata.json
2023-05-16 10:29:51,371 INFO    SenderThread:12500 [dir_watcher.py:finish():409] scan save: c:\Users\gaura\PycharmProjects\scientificProject\wandb\run-20230516_101817-3iwp0q0c\files\wandb-summary.json wandb-summary.json
2023-05-16 10:29:51,374 INFO    SenderThread:12500 [sender.py:transition_state():587] send defer: 10
2023-05-16 10:29:51,375 DEBUG   SenderThread:12500 [sender.py:send_request():363] send_request: poll_exit
2023-05-16 10:29:51,375 DEBUG   HandlerThread:12500 [handler.py:handle_request():144] handle_request: defer
2023-05-16 10:29:51,376 INFO    HandlerThread:12500 [handler.py:handle_request_defer():170] handle defer: 10
2023-05-16 10:29:51,383 DEBUG   SenderThread:12500 [sender.py:send_request():363] send_request: defer
2023-05-16 10:29:51,383 INFO    SenderThread:12500 [sender.py:send_request_defer():583] handle sender defer: 10
2023-05-16 10:29:51,383 INFO    SenderThread:12500 [file_pusher.py:finish():164] shutting down file pusher
2023-05-16 10:29:52,157 DEBUG   HandlerThread:12500 [handler.py:handle_request():144] handle_request: poll_exit
2023-05-16 10:29:52,158 DEBUG   SenderThread:12500 [sender.py:send_request():363] send_request: poll_exit
2023-05-16 10:29:52,336 INFO    wandb-upload_0:12500 [upload_job.py:push():138] Uploaded file c:\Users\gaura\PycharmProjects\scientificProject\wandb\run-20230516_101817-3iwp0q0c\files\config.yaml
2023-05-16 10:29:52,347 INFO    wandb-upload_2:12500 [upload_job.py:push():138] Uploaded file c:\Users\gaura\PycharmProjects\scientificProject\wandb\run-20230516_101817-3iwp0q0c\files\wandb-summary.json
2023-05-16 10:29:52,359 INFO    wandb-upload_1:12500 [upload_job.py:push():138] Uploaded file c:\Users\gaura\PycharmProjects\scientificProject\wandb\run-20230516_101817-3iwp0q0c\files\requirements.txt
2023-05-16 10:29:52,567 INFO    Thread-30 (_thread_body):12500 [sender.py:transition_state():587] send defer: 11
2023-05-16 10:29:52,567 DEBUG   HandlerThread:12500 [handler.py:handle_request():144] handle_request: defer
2023-05-16 10:29:52,567 INFO    HandlerThread:12500 [handler.py:handle_request_defer():170] handle defer: 11
2023-05-16 10:29:52,568 DEBUG   SenderThread:12500 [sender.py:send_request():363] send_request: defer
2023-05-16 10:29:52,568 INFO    SenderThread:12500 [sender.py:send_request_defer():583] handle sender defer: 11
2023-05-16 10:29:52,568 INFO    SenderThread:12500 [file_pusher.py:join():169] waiting for file pusher
2023-05-16 10:29:52,568 INFO    SenderThread:12500 [sender.py:transition_state():587] send defer: 12
2023-05-16 10:29:52,568 DEBUG   HandlerThread:12500 [handler.py:handle_request():144] handle_request: defer
2023-05-16 10:29:52,568 INFO    HandlerThread:12500 [handler.py:handle_request_defer():170] handle defer: 12
2023-05-16 10:29:52,568 DEBUG   SenderThread:12500 [sender.py:send_request():363] send_request: defer
2023-05-16 10:29:52,568 INFO    SenderThread:12500 [sender.py:send_request_defer():583] handle sender defer: 12
2023-05-16 10:29:53,179 DEBUG   HandlerThread:12500 [handler.py:handle_request():144] handle_request: poll_exit
2023-05-16 10:29:53,490 INFO    SenderThread:12500 [sender.py:transition_state():587] send defer: 13
2023-05-16 10:29:53,490 DEBUG   SenderThread:12500 [sender.py:send_request():363] send_request: poll_exit
2023-05-16 10:29:53,490 DEBUG   HandlerThread:12500 [handler.py:handle_request():144] handle_request: defer
2023-05-16 10:29:53,491 INFO    HandlerThread:12500 [handler.py:handle_request_defer():170] handle defer: 13
2023-05-16 10:29:53,491 DEBUG   SenderThread:12500 [sender.py:send_request():363] send_request: defer
2023-05-16 10:29:53,491 INFO    SenderThread:12500 [sender.py:send_request_defer():583] handle sender defer: 13
2023-05-16 10:29:53,491 INFO    SenderThread:12500 [sender.py:transition_state():587] send defer: 14
2023-05-16 10:29:53,491 DEBUG   HandlerThread:12500 [handler.py:handle_request():144] handle_request: defer
2023-05-16 10:29:53,493 INFO    HandlerThread:12500 [handler.py:handle_request_defer():170] handle defer: 14
2023-05-16 10:29:53,494 DEBUG   SenderThread:12500 [sender.py:send():336] send: final
2023-05-16 10:29:53,495 DEBUG   SenderThread:12500 [sender.py:send():336] send: footer
2023-05-16 10:29:53,495 DEBUG   SenderThread:12500 [sender.py:send_request():363] send_request: defer
2023-05-16 10:29:53,495 INFO    SenderThread:12500 [sender.py:send_request_defer():583] handle sender defer: 14
2023-05-16 10:29:53,497 DEBUG   HandlerThread:12500 [handler.py:handle_request():144] handle_request: poll_exit
2023-05-16 10:29:53,498 DEBUG   HandlerThread:12500 [handler.py:handle_request():144] handle_request: server_info
2023-05-16 10:29:53,498 DEBUG   HandlerThread:12500 [handler.py:handle_request():144] handle_request: get_summary
2023-05-16 10:29:53,498 DEBUG   SenderThread:12500 [sender.py:send_request():363] send_request: poll_exit
2023-05-16 10:29:53,499 DEBUG   HandlerThread:12500 [handler.py:handle_request():144] handle_request: sampled_history
2023-05-16 10:29:53,500 DEBUG   SenderThread:12500 [sender.py:send_request():363] send_request: server_info
2023-05-16 10:29:54,166 DEBUG   HandlerThread:12500 [handler.py:handle_request():144] handle_request: shutdown
2023-05-16 10:29:54,167 INFO    HandlerThread:12500 [handler.py:finish():842] shutting down handler
2023-05-16 10:29:54,506 INFO    WriterThread:12500 [datastore.py:close():298] close: c:\Users\gaura\PycharmProjects\scientificProject\wandb\run-20230516_101817-3iwp0q0c\run-3iwp0q0c.wandb
2023-05-16 10:29:55,175 INFO    SenderThread:12500 [sender.py:finish():1504] shutting down sender
2023-05-16 10:29:55,177 INFO    SenderThread:12500 [file_pusher.py:finish():164] shutting down file pusher
2023-05-16 10:29:55,177 INFO    SenderThread:12500 [file_pusher.py:join():169] waiting for file pusher
